2022-02-25 17:26:04.022  INFO 7468 --- [restartedMain] c.java.MobileOtpIntegrationApplication   : Starting MobileOtpIntegrationApplication using Java 15.0.1 on DESKTOP-86DQ7RJ with PID 7468 (D:\SODEXO 1.1\MobileOTPIntegration\bin\main started by LENOVO in D:\SODEXO 1.1\MobileOTPIntegration)
2022-02-25 17:26:04.024  INFO 7468 --- [restartedMain] c.java.MobileOtpIntegrationApplication   : No active profile set, falling back to 1 default profile: "default"
2022-02-25 17:26:04.148  INFO 7468 --- [restartedMain] o.s.b.devtools.restart.ChangeableUrls    : The Class-Path manifest attribute in C:\Users\LENOVO\.gradle\caches\modules-2\files-2.1\org.glassfish.jaxb\jaxb-runtime\2.3.1\dd6dda9da676a54c5b36ca2806ff95ee017d8738\jaxb-runtime-2.3.1.jar referenced one or more files that do not exist: file:/C:/Users/LENOVO/.gradle/caches/modules-2/files-2.1/org.glassfish.jaxb/jaxb-runtime/2.3.1/dd6dda9da676a54c5b36ca2806ff95ee017d8738/jaxb-api-2.3.1.jar,file:/C:/Users/LENOVO/.gradle/caches/modules-2/files-2.1/org.glassfish.jaxb/jaxb-runtime/2.3.1/dd6dda9da676a54c5b36ca2806ff95ee017d8738/txw2-2.3.1.jar,file:/C:/Users/LENOVO/.gradle/caches/modules-2/files-2.1/org.glassfish.jaxb/jaxb-runtime/2.3.1/dd6dda9da676a54c5b36ca2806ff95ee017d8738/istack-commons-runtime-3.0.7.jar,file:/C:/Users/LENOVO/.gradle/caches/modules-2/files-2.1/org.glassfish.jaxb/jaxb-runtime/2.3.1/dd6dda9da676a54c5b36ca2806ff95ee017d8738/stax-ex-1.8.jar,file:/C:/Users/LENOVO/.gradle/caches/modules-2/files-2.1/org.glassfish.jaxb/jaxb-runtime/2.3.1/dd6dda9da676a54c5b36ca2806ff95ee017d8738/FastInfoset-1.2.15.jar,file:/C:/Users/LENOVO/.gradle/caches/modules-2/files-2.1/org.glassfish.jaxb/jaxb-runtime/2.3.1/dd6dda9da676a54c5b36ca2806ff95ee017d8738/javax.activation-api-1.2.0.jar
2022-02-25 17:26:04.149  INFO 7468 --- [restartedMain] .e.DevToolsPropertyDefaultsPostProcessor : Devtools property defaults active! Set 'spring.devtools.add-properties' to 'false' to disable
2022-02-25 17:26:04.149  INFO 7468 --- [restartedMain] .e.DevToolsPropertyDefaultsPostProcessor : For additional web related logging consider setting the 'logging.level.web' property to 'DEBUG'
2022-02-25 17:26:05.665  INFO 7468 --- [restartedMain] trationDelegate$BeanPostProcessorChecker : Bean 'soapWebServiceConfig' of type [com.java.config.SoapWebServiceConfig$$EnhancerBySpringCGLIB$$aa5a7cea] is not eligible for getting processed by all BeanPostProcessors (for example: not eligible for auto-proxying)
2022-02-25 17:26:05.667  INFO 7468 --- [restartedMain] trationDelegate$BeanPostProcessorChecker : Bean 'org.springframework.ws.config.annotation.DelegatingWsConfiguration' of type [org.springframework.ws.config.annotation.DelegatingWsConfiguration$$EnhancerBySpringCGLIB$$912170c9] is not eligible for getting processed by all BeanPostProcessors (for example: not eligible for auto-proxying)
2022-02-25 17:26:05.733  INFO 7468 --- [restartedMain] .w.s.a.s.AnnotationActionEndpointMapping : Supporting [WS-Addressing August 2004, WS-Addressing 1.0]
2022-02-25 17:26:06.637  INFO 7468 --- [restartedMain] o.s.b.w.embedded.tomcat.TomcatWebServer  : Tomcat initialized with port(s): 8081 (http)
2022-02-25 17:26:06.676  INFO 7468 --- [restartedMain] o.apache.catalina.core.StandardService   : Starting service [Tomcat]
2022-02-25 17:26:06.677  INFO 7468 --- [restartedMain] org.apache.catalina.core.StandardEngine  : Starting Servlet engine: [Apache Tomcat/9.0.58]
2022-02-25 17:26:07.063  INFO 7468 --- [restartedMain] o.a.c.c.C.[Tomcat].[localhost].[/]       : Initializing Spring embedded WebApplicationContext
2022-02-25 17:26:07.064  INFO 7468 --- [restartedMain] w.s.c.ServletWebServerApplicationContext : Root WebApplicationContext: initialization completed in 2913 ms
2022-02-25 17:26:07.874  WARN 7468 --- [restartedMain] o.s.b.d.a.OptionalLiveReloadServer       : Unable to start LiveReload server
2022-02-25 17:26:07.923  INFO 7468 --- [restartedMain] o.s.b.w.embedded.tomcat.TomcatWebServer  : Tomcat started on port(s): 8081 (http) with context path ''
2022-02-25 17:26:07.936  INFO 7468 --- [restartedMain] c.java.MobileOtpIntegrationApplication   : Started MobileOtpIntegrationApplication in 4.53 seconds (JVM running for 7.829)
2022-02-25 17:26:07.939  INFO 7468 --- [restartedMain] com.java.service.OtpService              : APPLICATION STARTED
2022-02-25 17:29:07.324  INFO 7468 --- [restartedMain] c.java.MobileOtpIntegrationApplication   : Starting MobileOtpIntegrationApplication using Java 15.0.1 on DESKTOP-86DQ7RJ with PID 7468 (D:\SODEXO 1.1\MobileOTPIntegration\bin\main started by LENOVO in D:\SODEXO 1.1\MobileOTPIntegration)
2022-02-25 17:29:07.325  INFO 7468 --- [restartedMain] c.java.MobileOtpIntegrationApplication   : No active profile set, falling back to 1 default profile: "default"
2022-02-25 17:29:07.604  INFO 7468 --- [restartedMain] trationDelegate$BeanPostProcessorChecker : Bean 'soapWebServiceConfig' of type [com.java.config.SoapWebServiceConfig$$EnhancerBySpringCGLIB$$aa5a7cea] is not eligible for getting processed by all BeanPostProcessors (for example: not eligible for auto-proxying)
2022-02-25 17:29:07.606  INFO 7468 --- [restartedMain] trationDelegate$BeanPostProcessorChecker : Bean 'org.springframework.ws.config.annotation.DelegatingWsConfiguration' of type [org.springframework.ws.config.annotation.DelegatingWsConfiguration$$EnhancerBySpringCGLIB$$912170c9] is not eligible for getting processed by all BeanPostProcessors (for example: not eligible for auto-proxying)
2022-02-25 17:29:07.609  INFO 7468 --- [restartedMain] .w.s.a.s.AnnotationActionEndpointMapping : Supporting [WS-Addressing August 2004, WS-Addressing 1.0]
2022-02-25 17:29:07.646  INFO 7468 --- [restartedMain] o.s.b.w.embedded.tomcat.TomcatWebServer  : Tomcat initialized with port(s): 8081 (http)
2022-02-25 17:29:07.647  INFO 7468 --- [restartedMain] o.apache.catalina.core.StandardService   : Starting service [Tomcat]
2022-02-25 17:29:07.647  INFO 7468 --- [restartedMain] org.apache.catalina.core.StandardEngine  : Starting Servlet engine: [Apache Tomcat/9.0.58]
2022-02-25 17:29:07.679  INFO 7468 --- [restartedMain] o.a.c.c.C.[Tomcat].[localhost].[/]       : Initializing Spring embedded WebApplicationContext
2022-02-25 17:29:07.680  INFO 7468 --- [restartedMain] w.s.c.ServletWebServerApplicationContext : Root WebApplicationContext: initialization completed in 351 ms
2022-02-25 17:29:07.795  WARN 7468 --- [restartedMain] o.s.b.d.a.OptionalLiveReloadServer       : Unable to start LiveReload server
2022-02-25 17:29:07.814  INFO 7468 --- [restartedMain] o.s.b.w.embedded.tomcat.TomcatWebServer  : Tomcat started on port(s): 8081 (http) with context path ''
2022-02-25 17:29:07.823  INFO 7468 --- [restartedMain] c.java.MobileOtpIntegrationApplication   : Started MobileOtpIntegrationApplication in 0.567 seconds (JVM running for 187.715)
2022-02-25 17:29:07.829  INFO 7468 --- [restartedMain] .ConditionEvaluationDeltaLoggingListener : Condition evaluation unchanged
2022-02-25 17:29:07.830  INFO 7468 --- [restartedMain] com.java.service.OtpService              : APPLICATION STARTED
2022-02-25 17:29:13.486  INFO 7468 --- [restartedMain] c.java.MobileOtpIntegrationApplication   : Starting MobileOtpIntegrationApplication using Java 15.0.1 on DESKTOP-86DQ7RJ with PID 7468 (D:\SODEXO 1.1\MobileOTPIntegration\bin\main started by LENOVO in D:\SODEXO 1.1\MobileOTPIntegration)
2022-02-25 17:29:13.487  INFO 7468 --- [restartedMain] c.java.MobileOtpIntegrationApplication   : No active profile set, falling back to 1 default profile: "default"
2022-02-25 17:29:13.659  INFO 7468 --- [restartedMain] trationDelegate$BeanPostProcessorChecker : Bean 'soapWebServiceConfig' of type [com.java.config.SoapWebServiceConfig$$EnhancerBySpringCGLIB$$aa5a7cea] is not eligible for getting processed by all BeanPostProcessors (for example: not eligible for auto-proxying)
2022-02-25 17:29:13.660  INFO 7468 --- [restartedMain] trationDelegate$BeanPostProcessorChecker : Bean 'org.springframework.ws.config.annotation.DelegatingWsConfiguration' of type [org.springframework.ws.config.annotation.DelegatingWsConfiguration$$EnhancerBySpringCGLIB$$912170c9] is not eligible for getting processed by all BeanPostProcessors (for example: not eligible for auto-proxying)
2022-02-25 17:29:13.662  INFO 7468 --- [restartedMain] .w.s.a.s.AnnotationActionEndpointMapping : Supporting [WS-Addressing August 2004, WS-Addressing 1.0]
2022-02-25 17:29:13.714  INFO 7468 --- [restartedMain] o.s.b.w.embedded.tomcat.TomcatWebServer  : Tomcat initialized with port(s): 8081 (http)
2022-02-25 17:29:13.715  INFO 7468 --- [restartedMain] o.apache.catalina.core.StandardService   : Starting service [Tomcat]
2022-02-25 17:29:13.715  INFO 7468 --- [restartedMain] org.apache.catalina.core.StandardEngine  : Starting Servlet engine: [Apache Tomcat/9.0.58]
2022-02-25 17:29:13.745  INFO 7468 --- [restartedMain] o.a.c.c.C.[Tomcat].[localhost].[/]       : Initializing Spring embedded WebApplicationContext
2022-02-25 17:29:13.745  INFO 7468 --- [restartedMain] w.s.c.ServletWebServerApplicationContext : Root WebApplicationContext: initialization completed in 255 ms
2022-02-25 17:29:13.887  WARN 7468 --- [restartedMain] o.s.b.d.a.OptionalLiveReloadServer       : Unable to start LiveReload server
2022-02-25 17:29:13.905  INFO 7468 --- [restartedMain] o.s.b.w.embedded.tomcat.TomcatWebServer  : Tomcat started on port(s): 8081 (http) with context path ''
2022-02-25 17:29:13.925  INFO 7468 --- [restartedMain] c.java.MobileOtpIntegrationApplication   : Started MobileOtpIntegrationApplication in 0.477 seconds (JVM running for 193.817)
2022-02-25 17:29:13.927  INFO 7468 --- [restartedMain] .ConditionEvaluationDeltaLoggingListener : Condition evaluation unchanged
2022-02-25 17:29:13.928  INFO 7468 --- [restartedMain] com.java.service.OtpService              : APPLICATION STARTED
2022-02-25 17:29:50.491  INFO 7468 --- [restartedMain] c.java.MobileOtpIntegrationApplication   : Starting MobileOtpIntegrationApplication using Java 15.0.1 on DESKTOP-86DQ7RJ with PID 7468 (D:\SODEXO 1.1\MobileOTPIntegration\bin\main started by LENOVO in D:\SODEXO 1.1\MobileOTPIntegration)
2022-02-25 17:29:50.491  INFO 7468 --- [restartedMain] c.java.MobileOtpIntegrationApplication   : No active profile set, falling back to 1 default profile: "default"
2022-02-25 17:29:50.647  INFO 7468 --- [restartedMain] trationDelegate$BeanPostProcessorChecker : Bean 'soapWebServiceConfig' of type [com.java.config.SoapWebServiceConfig$$EnhancerBySpringCGLIB$$aa5a7cea] is not eligible for getting processed by all BeanPostProcessors (for example: not eligible for auto-proxying)
2022-02-25 17:29:50.647  INFO 7468 --- [restartedMain] trationDelegate$BeanPostProcessorChecker : Bean 'org.springframework.ws.config.annotation.DelegatingWsConfiguration' of type [org.springframework.ws.config.annotation.DelegatingWsConfiguration$$EnhancerBySpringCGLIB$$912170c9] is not eligible for getting processed by all BeanPostProcessors (for example: not eligible for auto-proxying)
2022-02-25 17:29:50.650  INFO 7468 --- [restartedMain] .w.s.a.s.AnnotationActionEndpointMapping : Supporting [WS-Addressing August 2004, WS-Addressing 1.0]
2022-02-25 17:29:50.700  INFO 7468 --- [restartedMain] o.s.b.w.embedded.tomcat.TomcatWebServer  : Tomcat initialized with port(s): 8081 (http)
2022-02-25 17:29:50.702  INFO 7468 --- [restartedMain] o.apache.catalina.core.StandardService   : Starting service [Tomcat]
2022-02-25 17:29:50.702  INFO 7468 --- [restartedMain] org.apache.catalina.core.StandardEngine  : Starting Servlet engine: [Apache Tomcat/9.0.58]
2022-02-25 17:29:50.756  INFO 7468 --- [restartedMain] o.a.c.c.C.[Tomcat].[localhost].[/]       : Initializing Spring embedded WebApplicationContext
2022-02-25 17:29:50.756  INFO 7468 --- [restartedMain] w.s.c.ServletWebServerApplicationContext : Root WebApplicationContext: initialization completed in 263 ms
2022-02-25 17:29:50.868  WARN 7468 --- [restartedMain] o.s.b.d.a.OptionalLiveReloadServer       : Unable to start LiveReload server
2022-02-25 17:29:50.877  INFO 7468 --- [restartedMain] o.s.b.w.embedded.tomcat.TomcatWebServer  : Tomcat started on port(s): 8081 (http) with context path ''
2022-02-25 17:29:50.896  INFO 7468 --- [restartedMain] c.java.MobileOtpIntegrationApplication   : Started MobileOtpIntegrationApplication in 0.448 seconds (JVM running for 230.788)
2022-02-25 17:29:50.900  INFO 7468 --- [restartedMain] .ConditionEvaluationDeltaLoggingListener : Condition evaluation unchanged
2022-02-25 17:29:50.901  INFO 7468 --- [restartedMain] com.java.service.OtpService              : APPLICATION STARTED
